<?xml version="1.0" encoding="UTF-8"?>
<!-- Generated by org.testng.reporters.JUnitReportReporter -->
<testsuite hostname="01HW750342" name="com.tests.project.security.DDoS_SecurityTests" tests="1" failures="0" timestamp="4 Apr 2017 13:49:32 GMT" time="23.771" errors="0">
  <testcase name="testSubmitDDoSConfiguration" time="23.771" classname="com.tests.project.security.DDoS_SecurityTests"/>
</testsuite> <!-- com.tests.project.security.DDoS_SecurityTests -->
